  main.cpp
c:\users\y. barraza\documents\aventura_neon\juego-de-texto_neon\aventuras neon\main.cpp(174): warning C4018: '<': signed/unsigned mismatch
c:\users\y. barraza\documents\aventura_neon\juego-de-texto_neon\aventuras neon\main.cpp(177): warning C4018: '<': signed/unsigned mismatch
c:\users\y. barraza\documents\aventura_neon\juego-de-texto_neon\aventuras neon\main.cpp(181): warning C4018: '<': signed/unsigned mismatch
c:\users\y. barraza\documents\aventura_neon\juego-de-texto_neon\aventuras neon\main.cpp(324): warning C4244: 'argument': conversion from 'time_t' to 'unsigned int', possible loss of data
c:\users\y. barraza\documents\aventura_neon\juego-de-texto_neon\aventuras neon\main.cpp(374): warning C4018: '<': signed/unsigned mismatch
c:\users\y. barraza\documents\aventura_neon\juego-de-texto_neon\aventuras neon\main.cpp(377): warning C4018: '<': signed/unsigned mismatch
c:\users\y. barraza\documents\aventura_neon\juego-de-texto_neon\aventuras neon\main.cpp(454): warning C4018: '<=': signed/unsigned mismatch
c:\users\y. barraza\documents\aventura_neon\juego-de-texto_neon\aventuras neon\main.cpp(470): warning C4018: '<=': signed/unsigned mismatch
c:\users\y. barraza\documents\aventura_neon\juego-de-texto_neon\aventuras neon\main.cpp(479): warning C4018: '<=': signed/unsigned mismatch
c:\users\y. barraza\documents\aventura_neon\juego-de-texto_neon\aventuras neon\main.cpp(533): warning C4018: '<': signed/unsigned mismatch
c:\users\y. barraza\documents\aventura_neon\juego-de-texto_neon\aventuras neon\main.cpp(536): warning C4018: '<': signed/unsigned mismatch
c:\users\y. barraza\documents\aventura_neon\juego-de-texto_neon\aventuras neon\main.cpp(552): warning C4018: '<': signed/unsigned mismatch
c:\users\y. barraza\documents\aventura_neon\juego-de-texto_neon\aventuras neon\main.cpp(554): warning C4018: '<': signed/unsigned mismatch
c:\users\y. barraza\documents\aventura_neon\juego-de-texto_neon\aventuras neon\main.cpp(569): warning C4018: '<': signed/unsigned mismatch
c:\users\y. barraza\documents\aventura_neon\juego-de-texto_neon\aventuras neon\main.cpp(572): warning C4018: '<': signed/unsigned mismatch
c:\users\y. barraza\documents\aventura_neon\juego-de-texto_neon\aventuras neon\main.cpp(638): warning C4018: '<': signed/unsigned mismatch
c:\users\y. barraza\documents\aventura_neon\juego-de-texto_neon\aventuras neon\main.cpp(641): warning C4018: '<': signed/unsigned mismatch
c:\users\y. barraza\documents\aventura_neon\juego-de-texto_neon\aventuras neon\main.cpp(660): warning C4018: '<': signed/unsigned mismatch
c:\users\y. barraza\documents\aventura_neon\juego-de-texto_neon\aventuras neon\main.cpp(669): warning C4018: '<': signed/unsigned mismatch
c:\users\y. barraza\documents\aventura_neon\juego-de-texto_neon\aventuras neon\main.cpp(689): warning C4018: '<': signed/unsigned mismatch
c:\users\y. barraza\documents\aventura_neon\juego-de-texto_neon\aventuras neon\main.cpp(691): warning C4018: '<': signed/unsigned mismatch
c:\users\y. barraza\documents\aventura_neon\juego-de-texto_neon\aventuras neon\main.cpp(703): warning C4018: '<': signed/unsigned mismatch
c:\users\y. barraza\documents\aventura_neon\juego-de-texto_neon\aventuras neon\main.cpp(707): warning C4018: '<': signed/unsigned mismatch
c:\users\y. barraza\documents\aventura_neon\juego-de-texto_neon\aventuras neon\main.cpp(965): warning C4018: '<': signed/unsigned mismatch
  Aventuras neon.vcxproj -> C:\Users\Y. Barraza\Documents\Aventura_neon\Juego-de-texto_NEON\Debug\Aventuras neon.exe
